<?xml version="1.0" encoding="UTF-8"?>
<robot generator="Robot 3.1.2 (Python 3.7.4 on darwin)" generated="20200103 18:13:28.547" rpa="false">
<suite id="s1" name="Test" source="/Users/ibell/PycharmProjects/rf/test.robot">
<test id="s1-t1" name="testcase">
<kw name="Log" library="BuiltIn">
<doc>Logs the given message with the given level.</doc>
<arguments>
<arg>rf,hello</arg>
</arguments>
<msg timestamp="20200103 18:13:28.577" level="INFO">rf,hello</msg>
<status status="PASS" starttime="20200103 18:13:28.576" endtime="20200103 18:13:28.577"></status>
</kw>
<status status="PASS" starttime="20200103 18:13:28.576" endtime="20200103 18:13:28.577" critical="yes"></status>
</test>
<doc>Suite description</doc>
<status status="PASS" starttime="20200103 18:13:28.549" endtime="20200103 18:13:28.577"></status>
</suite>
<statistics>
<total>
<stat pass="1" fail="0">Critical Tests</stat>
<stat pass="1" fail="0">All Tests</stat>
</total>
<tag>
</tag>
<suite>
<stat pass="1" fail="0" id="s1" name="Test">Test</stat>
</suite>
</statistics>
<errors>
</errors>
</robot>
